2021-05-25 15:54:27,219 INFO [main] (MqttClientBaseTest.java:22)- 启动mqtt测试服务器
2021-05-25 15:54:27,223 INFO [main] (ResourceLoaderConfig.java:40)- Loading configuration. ResourceLoader = classpath resource, configName = null.
2021-05-25 15:54:27,225 INFO [main] (ClasspathResourceLoader.java:54)- Loading resource. RelativePath = config/moquette.conf.
2021-05-25 15:54:27,225 INFO [main] (ResourceLoaderConfig.java:62)- Parsing configuration properties. ResourceLoader = classpath resource, configName = null.
2021-05-25 15:54:27,227 INFO [main] (Server.java:243)- Configuring message interceptors...
2021-05-25 15:54:27,229 INFO [main] (BrokerInterceptor.java:47)- Initializing broker interceptor. InterceptorIds=[]
2021-05-25 15:54:27,231 INFO [main] (Server.java:155)- Using default SSL context creator
2021-05-25 15:54:27,241 INFO [main] (ResourceAuthenticator.java:59)- Loading password classpath resource password_file.conf
2021-05-25 15:54:27,241 INFO [main] (ClasspathResourceLoader.java:54)- Loading resource. RelativePath = password_file.conf.
2021-05-25 15:54:27,241 WARN [main] (ResourceAuthenticator.java:64)- Parsing not existing classpath resource password_file.conf
2021-05-25 15:54:27,242 INFO [main] (Server.java:237)- An io.moquette.broker.security.ResourceAuthenticator authenticator instance will be used
2021-05-25 15:54:27,242 INFO [main] (Server.java:216)- Authorizator policy io.moquette.broker.security.PermitAllAuthorizatorPolicy instance will be used
2021-05-25 15:54:27,243 INFO [main] (CTrieSubscriptionDirectory.java:33)- Initializing CTrie
2021-05-25 15:54:27,245 INFO [main] (CTrieSubscriptionDirectory.java:36)- Initializing subscriptions store...
2021-05-25 15:54:27,286 INFO [main] (NewNettyAcceptor.java:158)- Netty is using NIO
2021-05-25 15:54:27,574 INFO [main] (NewNettyAcceptor.java:219)- Server bound to host=0.0.0.0, port=1883, protocol=TCP MQTT
2021-05-25 15:54:27,577 INFO [main] (NewNettyAcceptor.java:219)- Server bound to host=0.0.0.0, port=8080, protocol=Websocket MQTT
2021-05-25 15:54:27,580 ERROR [main] (NewNettyAcceptor.java:225)- Cannot bind to port: 8080
java.net.BindException: Address already in use: bind
	at java.base/sun.nio.ch.Net.bind0(Native Method)
	at java.base/sun.nio.ch.Net.bind(Net.java:550)
	at java.base/sun.nio.ch.ServerSocketChannelImpl.bind(ServerSocketChannelImpl.java:249)
	at io.netty.channel.socket.nio.NioServerSocketChannel.doBind(NioServerSocketChannel.java:134)
	at io.netty.channel.AbstractChannel$AbstractUnsafe.bind(AbstractChannel.java:550)
	at io.netty.channel.DefaultChannelPipeline$HeadContext.bind(DefaultChannelPipeline.java:1334)
	at io.netty.channel.AbstractChannelHandlerContext.invokeBind(AbstractChannelHandlerContext.java:506)
	at io.netty.channel.AbstractChannelHandlerContext.bind(AbstractChannelHandlerContext.java:491)
	at io.netty.channel.DefaultChannelPipeline.bind(DefaultChannelPipeline.java:973)
	at io.netty.channel.AbstractChannel.bind(AbstractChannel.java:248)
	at io.netty.bootstrap.AbstractBootstrap$2.run(AbstractBootstrap.java:356)
	at io.netty.util.concurrent.AbstractEventExecutor.safeExecute(AbstractEventExecutor.java:164)
	at io.netty.util.concurrent.SingleThreadEventExecutor.runAllTasks(SingleThreadEventExecutor.java:472)
	at io.netty.channel.nio.NioEventLoop.run(NioEventLoop.java:500)
	at io.netty.util.concurrent.SingleThreadEventExecutor$4.run(SingleThreadEventExecutor.java:989)
	at io.netty.util.internal.ThreadExecutorMap$2.run(ThreadExecutorMap.java:74)
	at io.netty.util.concurrent.FastThreadLocalRunnable.run(FastThreadLocalRunnable.java:30)
	at java.base/java.lang.Thread.run(Thread.java:832)
2021-05-25 15:54:52,404 INFO [main] (MqttClientBaseTest.java:22)- 启动mqtt测试服务器
2021-05-25 15:54:52,408 INFO [main] (ResourceLoaderConfig.java:40)- Loading configuration. ResourceLoader = classpath resource, configName = null.
2021-05-25 15:54:52,409 INFO [main] (ClasspathResourceLoader.java:54)- Loading resource. RelativePath = config/moquette.conf.
2021-05-25 15:54:52,411 INFO [main] (ResourceLoaderConfig.java:62)- Parsing configuration properties. ResourceLoader = classpath resource, configName = null.
2021-05-25 15:54:52,413 INFO [main] (Server.java:243)- Configuring message interceptors...
2021-05-25 15:54:52,414 INFO [main] (BrokerInterceptor.java:47)- Initializing broker interceptor. InterceptorIds=[]
2021-05-25 15:54:52,416 INFO [main] (Server.java:155)- Using default SSL context creator
2021-05-25 15:54:52,425 INFO [main] (ResourceAuthenticator.java:59)- Loading password classpath resource password_file.conf
2021-05-25 15:54:52,426 INFO [main] (ClasspathResourceLoader.java:54)- Loading resource. RelativePath = password_file.conf.
2021-05-25 15:54:52,426 WARN [main] (ResourceAuthenticator.java:64)- Parsing not existing classpath resource password_file.conf
2021-05-25 15:54:52,427 INFO [main] (Server.java:237)- An io.moquette.broker.security.ResourceAuthenticator authenticator instance will be used
2021-05-25 15:54:52,427 INFO [main] (Server.java:216)- Authorizator policy io.moquette.broker.security.PermitAllAuthorizatorPolicy instance will be used
2021-05-25 15:54:52,428 INFO [main] (CTrieSubscriptionDirectory.java:33)- Initializing CTrie
2021-05-25 15:54:52,430 INFO [main] (CTrieSubscriptionDirectory.java:36)- Initializing subscriptions store...
2021-05-25 15:54:52,478 INFO [main] (NewNettyAcceptor.java:158)- Netty is using NIO
2021-05-25 15:54:52,786 INFO [main] (NewNettyAcceptor.java:219)- Server bound to host=0.0.0.0, port=1883, protocol=TCP MQTT
2021-05-25 15:54:52,789 INFO [main] (NewNettyAcceptor.java:219)- Server bound to host=0.0.0.0, port=8081, protocol=Websocket MQTT
2021-05-25 15:54:52,790 INFO [main] (DefaultMoquetteSslContextCreator.java:63)- Checking SSL configuration properties...
2021-05-25 15:54:52,791 INFO [main] (DefaultMoquetteSslContextCreator.java:104)- Initializing SSL context. KeystorePath = serverkeystore.jks.
2021-05-25 15:54:52,811 INFO [main] (DefaultMoquetteSslContextCreator.java:116)- Loading keystore. KeystorePath = serverkeystore.jks.
2021-05-25 15:54:52,812 WARN [main] (DefaultMoquetteSslContextCreator.java:178)- No keystore has been found in the bundled resources. Scanning filesystem...
2021-05-25 15:54:52,814 ERROR [main] (DefaultMoquetteSslContextCreator.java:97)- Unable to initialize SSL context.
java.io.FileNotFoundException: The keystore file does not exist. Url = D:\private\sat\mqtt\serverkeystore.jks
	at io.moquette.broker.DefaultMoquetteSslContextCreator.jksDatastore(DefaultMoquetteSslContextCreator.java:184)
	at io.moquette.broker.DefaultMoquetteSslContextCreator.loadKeyStore(DefaultMoquetteSslContextCreator.java:117)
	at io.moquette.broker.DefaultMoquetteSslContextCreator.initSSLContext(DefaultMoquetteSslContextCreator.java:73)
	at io.moquette.broker.NewNettyAcceptor.initialize(NewNettyAcceptor.java:184)
	at io.moquette.broker.Server.startServer(Server.java:188)
	at org.xinc.mqtt.client.MqttClientBaseTest.start(MqttClientBaseTest.java:27)
	at java.base/jdk.internal.reflect.NativeMethodAccessorImpl.invoke0(Native Method)
	at java.base/jdk.internal.reflect.NativeMethodAccessorImpl.invoke(NativeMethodAccessorImpl.java:64)
	at java.base/jdk.internal.reflect.DelegatingMethodAccessorImpl.invoke(DelegatingMethodAccessorImpl.java:43)
	at java.base/java.lang.reflect.Method.invoke(Method.java:564)
	at org.junit.platform.commons.util.ReflectionUtils.invokeMethod(ReflectionUtils.java:688)
	at org.junit.jupiter.engine.execution.MethodInvocation.proceed(MethodInvocation.java:60)
	at org.junit.jupiter.engine.execution.InvocationInterceptorChain$ValidatingInvocation.proceed(InvocationInterceptorChain.java:131)
	at org.junit.jupiter.engine.extension.TimeoutExtension.intercept(TimeoutExtension.java:149)
	at org.junit.jupiter.engine.extension.TimeoutExtension.interceptLifecycleMethod(TimeoutExtension.java:126)
	at org.junit.jupiter.engine.extension.TimeoutExtension.interceptBeforeAllMethod(TimeoutExtension.java:68)
	at org.junit.jupiter.engine.execution.ExecutableInvoker$ReflectiveInterceptorCall.lambda$ofVoidMethod$0(ExecutableInvoker.java:115)
	at org.junit.jupiter.engine.execution.ExecutableInvoker.lambda$invoke$0(ExecutableInvoker.java:105)
	at org.junit.jupiter.engine.execution.InvocationInterceptorChain$InterceptedInvocation.proceed(InvocationInterceptorChain.java:106)
	at org.junit.jupiter.engine.execution.InvocationInterceptorChain.proceed(InvocationInterceptorChain.java:64)
	at org.junit.jupiter.engine.execution.InvocationInterceptorChain.chainAndInvoke(InvocationInterceptorChain.java:45)
	at org.junit.jupiter.engine.execution.InvocationInterceptorChain.invoke(InvocationInterceptorChain.java:37)
	at org.junit.jupiter.engine.execution.ExecutableInvoker.invoke(ExecutableInvoker.java:104)
	at org.junit.jupiter.engine.execution.ExecutableInvoker.invoke(ExecutableInvoker.java:98)
	at org.junit.jupiter.engine.descriptor.ClassBasedTestDescriptor.lambda$invokeBeforeAllMethods$9(ClassBasedTestDescriptor.java:384)
	at org.junit.platform.engine.support.hierarchical.ThrowableCollector.execute(ThrowableCollector.java:73)
	at org.junit.jupiter.engine.descriptor.ClassBasedTestDescriptor.invokeBeforeAllMethods(ClassBasedTestDescriptor.java:382)
	at org.junit.jupiter.engine.descriptor.ClassBasedTestDescriptor.before(ClassBasedTestDescriptor.java:196)
	at org.junit.jupiter.engine.descriptor.ClassBasedTestDescriptor.before(ClassBasedTestDescriptor.java:78)
	at org.junit.platform.engine.support.hierarchical.NodeTestTask.lambda$executeRecursively$5(NodeTestTask.java:136)
	at org.junit.platform.engine.support.hierarchical.ThrowableCollector.execute(ThrowableCollector.java:73)
	at org.junit.platform.engine.support.hierarchical.NodeTestTask.lambda$executeRecursively$7(NodeTestTask.java:129)
	at org.junit.platform.engine.support.hierarchical.Node.around(Node.java:137)
	at org.junit.platform.engine.support.hierarchical.NodeTestTask.lambda$executeRecursively$8(NodeTestTask.java:127)
	at org.junit.platform.engine.support.hierarchical.ThrowableCollector.execute(ThrowableCollector.java:73)
	at org.junit.platform.engine.support.hierarchical.NodeTestTask.executeRecursively(NodeTestTask.java:126)
	at org.junit.platform.engine.support.hierarchical.NodeTestTask.execute(NodeTestTask.java:84)
	at java.base/java.util.ArrayList.forEach(ArrayList.java:1511)
	at org.junit.platform.engine.support.hierarchical.SameThreadHierarchicalTestExecutorService.invokeAll(SameThreadHierarchicalTestExecutorService.java:38)
	at org.junit.platform.engine.support.hierarchical.NodeTestTask.lambda$executeRecursively$5(NodeTestTask.java:143)
	at org.junit.platform.engine.support.hierarchical.ThrowableCollector.execute(ThrowableCollector.java:73)
	at org.junit.platform.engine.support.hierarchical.NodeTestTask.lambda$executeRecursively$7(NodeTestTask.java:129)
	at org.junit.platform.engine.support.hierarchical.Node.around(Node.java:137)
	at org.junit.platform.engine.support.hierarchical.NodeTestTask.lambda$executeRecursively$8(NodeTestTask.java:127)
	at org.junit.platform.engine.support.hierarchical.ThrowableCollector.execute(ThrowableCollector.java:73)
	at org.junit.platform.engine.support.hierarchical.NodeTestTask.executeRecursively(NodeTestTask.java:126)
	at org.junit.platform.engine.support.hierarchical.NodeTestTask.execute(NodeTestTask.java:84)
	at org.junit.platform.engine.support.hierarchical.SameThreadHierarchicalTestExecutorService.submit(SameThreadHierarchicalTestExecutorService.java:32)
	at org.junit.platform.engine.support.hierarchical.HierarchicalTestExecutor.execute(HierarchicalTestExecutor.java:57)
	at org.junit.platform.engine.support.hierarchical.HierarchicalTestEngine.execute(HierarchicalTestEngine.java:51)
	at org.junit.platform.launcher.core.EngineExecutionOrchestrator.execute(EngineExecutionOrchestrator.java:108)
	at org.junit.platform.launcher.core.EngineExecutionOrchestrator.execute(EngineExecutionOrchestrator.java:88)
	at org.junit.platform.launcher.core.EngineExecutionOrchestrator.lambda$execute$0(EngineExecutionOrchestrator.java:54)
	at org.junit.platform.launcher.core.EngineExecutionOrchestrator.withInterceptedStreams(EngineExecutionOrchestrator.java:67)
	at org.junit.platform.launcher.core.EngineExecutionOrchestrator.execute(EngineExecutionOrchestrator.java:52)
	at org.junit.platform.launcher.core.DefaultLauncher.execute(DefaultLauncher.java:96)
	at org.junit.platform.launcher.core.DefaultLauncher.execute(DefaultLauncher.java:75)
	at com.intellij.junit5.JUnit5IdeaTestRunner.startRunnerWithArgs(JUnit5IdeaTestRunner.java:71)
	at com.intellij.rt.junit.IdeaTestRunner$Repeater.startRunnerWithArgs(IdeaTestRunner.java:33)
	at com.intellij.rt.junit.JUnitStarter.prepareStreamsAndStart(JUnitStarter.java:220)
	at com.intellij.rt.junit.JUnitStarter.main(JUnitStarter.java:53)
2021-05-25 15:54:52,815 ERROR [main] (NewNettyAcceptor.java:186)- Can't initialize SSLHandler layer! Exiting, check your configuration of jks
2021-05-25 15:54:52,817 INFO [main] (Server.java:191)- Moquette integration has been started successfully in 405 ms
2021-05-25 15:55:27,688 INFO [main] (MqttClientBaseTest.java:22)- 启动mqtt测试服务器
2021-05-25 15:55:27,693 INFO [main] (ResourceLoaderConfig.java:40)- Loading configuration. ResourceLoader = classpath resource, configName = null.
2021-05-25 15:55:27,694 INFO [main] (ClasspathResourceLoader.java:54)- Loading resource. RelativePath = config/moquette.conf.
2021-05-25 15:55:27,694 INFO [main] (ResourceLoaderConfig.java:62)- Parsing configuration properties. ResourceLoader = classpath resource, configName = null.
2021-05-25 15:55:27,696 INFO [main] (Server.java:243)- Configuring message interceptors...
2021-05-25 15:55:27,697 INFO [main] (BrokerInterceptor.java:47)- Initializing broker interceptor. InterceptorIds=[]
2021-05-25 15:55:27,699 INFO [main] (Server.java:155)- Using default SSL context creator
2021-05-25 15:55:27,700 INFO [main] (Server.java:237)- An io.moquette.broker.security.AcceptAllAuthenticator authenticator instance will be used
2021-05-25 15:55:27,701 INFO [main] (Server.java:216)- Authorizator policy io.moquette.broker.security.PermitAllAuthorizatorPolicy instance will be used
2021-05-25 15:55:27,702 INFO [main] (CTrieSubscriptionDirectory.java:33)- Initializing CTrie
2021-05-25 15:55:27,709 INFO [main] (CTrieSubscriptionDirectory.java:36)- Initializing subscriptions store...
2021-05-25 15:55:27,761 INFO [main] (NewNettyAcceptor.java:158)- Netty is using NIO
2021-05-25 15:55:28,072 INFO [main] (NewNettyAcceptor.java:219)- Server bound to host=127.0.0.1, port=1883, protocol=TCP MQTT
2021-05-25 15:55:28,075 INFO [main] (NewNettyAcceptor.java:219)- Server bound to host=127.0.0.1, port=8081, protocol=Websocket MQTT
2021-05-25 15:55:28,075 INFO [main] (Server.java:191)- Moquette integration has been started successfully in 380 ms
2021-05-25 15:55:53,572 INFO [main] (MqttClientBaseTest.java:22)- 启动mqtt测试服务器
2021-05-25 15:55:53,577 INFO [main] (ResourceLoaderConfig.java:40)- Loading configuration. ResourceLoader = classpath resource, configName = null.
2021-05-25 15:55:53,578 INFO [main] (ClasspathResourceLoader.java:54)- Loading resource. RelativePath = config/moquette.conf.
2021-05-25 15:55:53,578 INFO [main] (ResourceLoaderConfig.java:62)- Parsing configuration properties. ResourceLoader = classpath resource, configName = null.
2021-05-25 15:55:53,581 INFO [main] (Server.java:243)- Configuring message interceptors...
2021-05-25 15:55:53,582 INFO [main] (BrokerInterceptor.java:47)- Initializing broker interceptor. InterceptorIds=[]
2021-05-25 15:55:53,584 INFO [main] (Server.java:155)- Using default SSL context creator
2021-05-25 15:55:53,585 INFO [main] (Server.java:237)- An io.moquette.broker.security.AcceptAllAuthenticator authenticator instance will be used
2021-05-25 15:55:53,585 INFO [main] (Server.java:216)- Authorizator policy io.moquette.broker.security.PermitAllAuthorizatorPolicy instance will be used
2021-05-25 15:55:53,587 INFO [main] (CTrieSubscriptionDirectory.java:33)- Initializing CTrie
2021-05-25 15:55:53,589 INFO [main] (CTrieSubscriptionDirectory.java:36)- Initializing subscriptions store...
2021-05-25 15:55:53,633 INFO [main] (NewNettyAcceptor.java:158)- Netty is using NIO
2021-05-25 15:55:53,951 INFO [main] (NewNettyAcceptor.java:219)- Server bound to host=127.0.0.1, port=1883, protocol=TCP MQTT
2021-05-25 15:55:53,954 INFO [main] (NewNettyAcceptor.java:219)- Server bound to host=127.0.0.1, port=8081, protocol=Websocket MQTT
2021-05-25 15:55:53,954 INFO [main] (Server.java:191)- Moquette integration has been started successfully in 374 ms
2021-05-25 15:56:11,323 INFO [main] (MqttClientBaseTest.java:22)- 启动mqtt测试服务器
2021-05-25 15:56:11,328 INFO [main] (ResourceLoaderConfig.java:40)- Loading configuration. ResourceLoader = classpath resource, configName = null.
2021-05-25 15:56:11,329 INFO [main] (ClasspathResourceLoader.java:54)- Loading resource. RelativePath = config/moquette.conf.
2021-05-25 15:56:11,329 INFO [main] (ResourceLoaderConfig.java:62)- Parsing configuration properties. ResourceLoader = classpath resource, configName = null.
2021-05-25 15:56:11,331 INFO [main] (Server.java:243)- Configuring message interceptors...
2021-05-25 15:56:11,332 INFO [main] (BrokerInterceptor.java:47)- Initializing broker interceptor. InterceptorIds=[]
2021-05-25 15:56:11,334 INFO [main] (Server.java:155)- Using default SSL context creator
2021-05-25 15:56:11,335 INFO [main] (Server.java:237)- An io.moquette.broker.security.AcceptAllAuthenticator authenticator instance will be used
2021-05-25 15:56:11,335 INFO [main] (Server.java:216)- Authorizator policy io.moquette.broker.security.PermitAllAuthorizatorPolicy instance will be used
2021-05-25 15:56:11,336 INFO [main] (CTrieSubscriptionDirectory.java:33)- Initializing CTrie
2021-05-25 15:56:11,338 INFO [main] (CTrieSubscriptionDirectory.java:36)- Initializing subscriptions store...
2021-05-25 15:56:11,376 INFO [main] (NewNettyAcceptor.java:158)- Netty is using NIO
2021-05-25 15:56:11,711 INFO [main] (NewNettyAcceptor.java:219)- Server bound to host=127.0.0.1, port=1883, protocol=TCP MQTT
2021-05-25 15:56:11,715 INFO [main] (NewNettyAcceptor.java:219)- Server bound to host=127.0.0.1, port=8081, protocol=Websocket MQTT
2021-05-25 15:56:11,715 INFO [main] (Server.java:191)- Moquette integration has been started successfully in 385 ms
2021-05-25 15:56:21,796 INFO [nioEventLoopGroup-3-1] (MoquetteIdleTimeoutHandler.java:39)- Firing channel inactive event. MqttClientId = null.
2021-05-25 15:56:21,803 INFO [nioEventLoopGroup-3-1] (MQTTMessageLogger.java:124)- Channel Inactive
2021-05-25 15:57:03,897 INFO [main] (MqttClientBaseTest.java:22)- 启动mqtt测试服务器
2021-05-25 15:57:03,901 INFO [main] (ResourceLoaderConfig.java:40)- Loading configuration. ResourceLoader = classpath resource, configName = null.
2021-05-25 15:57:03,902 INFO [main] (ClasspathResourceLoader.java:54)- Loading resource. RelativePath = config/moquette.conf.
2021-05-25 15:57:03,903 INFO [main] (ResourceLoaderConfig.java:62)- Parsing configuration properties. ResourceLoader = classpath resource, configName = null.
2021-05-25 15:57:03,905 INFO [main] (Server.java:243)- Configuring message interceptors...
2021-05-25 15:57:03,906 INFO [main] (BrokerInterceptor.java:47)- Initializing broker interceptor. InterceptorIds=[]
2021-05-25 15:57:03,907 INFO [main] (Server.java:155)- Using default SSL context creator
2021-05-25 15:57:03,908 INFO [main] (Server.java:237)- An io.moquette.broker.security.AcceptAllAuthenticator authenticator instance will be used
2021-05-25 15:57:03,909 INFO [main] (Server.java:216)- Authorizator policy io.moquette.broker.security.PermitAllAuthorizatorPolicy instance will be used
2021-05-25 15:57:03,910 INFO [main] (CTrieSubscriptionDirectory.java:33)- Initializing CTrie
2021-05-25 15:57:03,912 INFO [main] (CTrieSubscriptionDirectory.java:36)- Initializing subscriptions store...
2021-05-25 15:57:03,954 INFO [main] (NewNettyAcceptor.java:158)- Netty is using NIO
2021-05-25 15:57:04,315 INFO [main] (NewNettyAcceptor.java:219)- Server bound to host=127.0.0.1, port=1883, protocol=TCP MQTT
2021-05-25 15:57:04,320 INFO [main] (NewNettyAcceptor.java:219)- Server bound to host=127.0.0.1, port=8081, protocol=Websocket MQTT
2021-05-25 15:57:04,325 INFO [main] (Server.java:191)- Moquette integration has been started successfully in 422 ms
2021-05-25 15:57:14,410 INFO [nioEventLoopGroup-3-1] (MoquetteIdleTimeoutHandler.java:39)- Firing channel inactive event. MqttClientId = null.
2021-05-25 15:57:14,416 INFO [nioEventLoopGroup-3-1] (MQTTMessageLogger.java:124)- Channel Inactive
2021-05-25 15:57:21,315 INFO [main] (MqttClientBaseTest.java:22)- 启动mqtt测试服务器
2021-05-25 15:57:21,320 INFO [main] (ResourceLoaderConfig.java:40)- Loading configuration. ResourceLoader = classpath resource, configName = null.
2021-05-25 15:57:21,321 INFO [main] (ClasspathResourceLoader.java:54)- Loading resource. RelativePath = config/moquette.conf.
2021-05-25 15:57:21,322 INFO [main] (ResourceLoaderConfig.java:62)- Parsing configuration properties. ResourceLoader = classpath resource, configName = null.
2021-05-25 15:57:21,324 INFO [main] (Server.java:243)- Configuring message interceptors...
2021-05-25 15:57:21,325 INFO [main] (BrokerInterceptor.java:47)- Initializing broker interceptor. InterceptorIds=[]
2021-05-25 15:57:21,327 INFO [main] (Server.java:155)- Using default SSL context creator
2021-05-25 15:57:21,328 INFO [main] (Server.java:237)- An io.moquette.broker.security.AcceptAllAuthenticator authenticator instance will be used
2021-05-25 15:57:21,328 INFO [main] (Server.java:216)- Authorizator policy io.moquette.broker.security.PermitAllAuthorizatorPolicy instance will be used
2021-05-25 15:57:21,329 INFO [main] (CTrieSubscriptionDirectory.java:33)- Initializing CTrie
2021-05-25 15:57:21,331 INFO [main] (CTrieSubscriptionDirectory.java:36)- Initializing subscriptions store...
2021-05-25 15:57:21,383 INFO [main] (NewNettyAcceptor.java:158)- Netty is using NIO
2021-05-25 15:57:21,702 INFO [main] (NewNettyAcceptor.java:219)- Server bound to host=127.0.0.1, port=1883, protocol=TCP MQTT
2021-05-25 15:57:21,705 INFO [main] (NewNettyAcceptor.java:219)- Server bound to host=127.0.0.1, port=8081, protocol=Websocket MQTT
2021-05-25 15:57:21,706 INFO [main] (Server.java:191)- Moquette integration has been started successfully in 383 ms
2021-05-25 15:57:31,765 INFO [nioEventLoopGroup-3-1] (MoquetteIdleTimeoutHandler.java:39)- Firing channel inactive event. MqttClientId = null.
2021-05-25 15:57:31,771 INFO [nioEventLoopGroup-3-1] (MQTTMessageLogger.java:124)- Channel Inactive
2021-05-25 15:59:40,414 INFO [main] (MqttClientBaseTest.java:22)- 启动mqtt测试服务器
2021-05-25 15:59:40,421 INFO [main] (ResourceLoaderConfig.java:40)- Loading configuration. ResourceLoader = classpath resource, configName = null.
2021-05-25 15:59:40,422 INFO [main] (ClasspathResourceLoader.java:54)- Loading resource. RelativePath = config/moquette.conf.
2021-05-25 15:59:40,422 INFO [main] (ResourceLoaderConfig.java:62)- Parsing configuration properties. ResourceLoader = classpath resource, configName = null.
2021-05-25 15:59:40,425 INFO [main] (Server.java:243)- Configuring message interceptors...
2021-05-25 15:59:40,426 INFO [main] (BrokerInterceptor.java:47)- Initializing broker interceptor. InterceptorIds=[]
2021-05-25 15:59:40,428 INFO [main] (Server.java:155)- Using default SSL context creator
2021-05-25 15:59:40,430 INFO [main] (Server.java:237)- An io.moquette.broker.security.AcceptAllAuthenticator authenticator instance will be used
2021-05-25 15:59:40,430 INFO [main] (Server.java:216)- Authorizator policy io.moquette.broker.security.PermitAllAuthorizatorPolicy instance will be used
2021-05-25 15:59:40,431 INFO [main] (CTrieSubscriptionDirectory.java:33)- Initializing CTrie
2021-05-25 15:59:40,433 INFO [main] (CTrieSubscriptionDirectory.java:36)- Initializing subscriptions store...
2021-05-25 15:59:40,494 INFO [main] (NewNettyAcceptor.java:158)- Netty is using NIO
2021-05-25 15:59:40,802 INFO [main] (NewNettyAcceptor.java:219)- Server bound to host=127.0.0.1, port=1883, protocol=TCP MQTT
2021-05-25 15:59:40,806 INFO [main] (NewNettyAcceptor.java:219)- Server bound to host=127.0.0.1, port=8081, protocol=Websocket MQTT
2021-05-25 15:59:40,808 INFO [main] (Server.java:191)- Moquette integration has been started successfully in 385 ms
2021-05-25 15:59:50,868 INFO [nioEventLoopGroup-3-1] (MoquetteIdleTimeoutHandler.java:39)- Firing channel inactive event. MqttClientId = null.
2021-05-25 15:59:50,875 INFO [nioEventLoopGroup-3-1] (MQTTMessageLogger.java:124)- Channel Inactive
2021-05-25 16:00:55,293 INFO [main] (MqttClientBaseTest.java:22)- 启动mqtt测试服务器
2021-05-25 16:00:55,297 INFO [main] (ResourceLoaderConfig.java:40)- Loading configuration. ResourceLoader = classpath resource, configName = null.
2021-05-25 16:00:55,298 INFO [main] (ClasspathResourceLoader.java:54)- Loading resource. RelativePath = config/moquette.conf.
2021-05-25 16:00:55,299 INFO [main] (ResourceLoaderConfig.java:62)- Parsing configuration properties. ResourceLoader = classpath resource, configName = null.
2021-05-25 16:00:55,301 INFO [main] (Server.java:243)- Configuring message interceptors...
2021-05-25 16:00:55,302 INFO [main] (BrokerInterceptor.java:47)- Initializing broker interceptor. InterceptorIds=[]
2021-05-25 16:00:55,304 INFO [main] (Server.java:155)- Using default SSL context creator
2021-05-25 16:00:55,306 INFO [main] (CTrieSubscriptionDirectory.java:33)- Initializing CTrie
2021-05-25 16:00:55,308 INFO [main] (CTrieSubscriptionDirectory.java:36)- Initializing subscriptions store...
2021-05-25 16:00:55,346 INFO [main] (NewNettyAcceptor.java:158)- Netty is using NIO
2021-05-25 16:00:55,672 INFO [main] (NewNettyAcceptor.java:219)- Server bound to host=127.0.0.1, port=1883, protocol=TCP MQTT
2021-05-25 16:00:55,676 INFO [main] (NewNettyAcceptor.java:219)- Server bound to host=127.0.0.1, port=8081, protocol=Websocket MQTT
2021-05-25 16:00:55,676 INFO [main] (Server.java:191)- Moquette integration has been started successfully in 376 ms
2021-05-25 16:01:05,759 INFO [nioEventLoopGroup-3-1] (MoquetteIdleTimeoutHandler.java:39)- Firing channel inactive event. MqttClientId = null.
2021-05-25 16:01:05,765 INFO [nioEventLoopGroup-3-1] (MQTTMessageLogger.java:124)- Channel Inactive
2021-05-25 16:02:31,643 INFO [main] (MqttClientBaseTest.java:22)- 启动mqtt测试服务器
2021-05-25 16:02:31,649 INFO [main] (ResourceLoaderConfig.java:40)- Loading configuration. ResourceLoader = classpath resource, configName = null.
2021-05-25 16:02:31,651 INFO [main] (ClasspathResourceLoader.java:54)- Loading resource. RelativePath = config/moquette.conf.
2021-05-25 16:02:31,651 INFO [main] (ResourceLoaderConfig.java:62)- Parsing configuration properties. ResourceLoader = classpath resource, configName = null.
2021-05-25 16:02:31,654 INFO [main] (Server.java:243)- Configuring message interceptors...
2021-05-25 16:02:31,655 INFO [main] (BrokerInterceptor.java:47)- Initializing broker interceptor. InterceptorIds=[EmbeddedLauncherPublishListener]
2021-05-25 16:02:31,656 INFO [main] (BrokerInterceptor.java:171)- Adding MQTT message interceptor. InterceptorId=EmbeddedLauncherPublishListener, handledMessageTypes=[class io.moquette.interception.messages.InterceptConnectMessage, class io.moquette.interception.messages.InterceptDisconnectMessage, class io.moquette.interception.messages.InterceptConnectionLostMessage, class io.moquette.interception.messages.InterceptPublishMessage, class io.moquette.interception.messages.InterceptSubscribeMessage, class io.moquette.interception.messages.InterceptUnsubscribeMessage, class io.moquette.interception.messages.InterceptAcknowledgedMessage]
2021-05-25 16:02:31,656 INFO [main] (Server.java:155)- Using default SSL context creator
2021-05-25 16:02:31,658 INFO [main] (CTrieSubscriptionDirectory.java:33)- Initializing CTrie
2021-05-25 16:02:31,659 INFO [main] (CTrieSubscriptionDirectory.java:36)- Initializing subscriptions store...
2021-05-25 16:02:31,698 INFO [main] (NewNettyAcceptor.java:158)- Netty is using NIO
2021-05-25 16:02:32,063 INFO [main] (NewNettyAcceptor.java:219)- Server bound to host=127.0.0.1, port=1883, protocol=TCP MQTT
2021-05-25 16:02:32,066 INFO [main] (NewNettyAcceptor.java:219)- Server bound to host=127.0.0.1, port=8081, protocol=Websocket MQTT
2021-05-25 16:02:32,067 INFO [main] (Server.java:191)- Moquette integration has been started successfully in 414 ms
2021-05-25 16:02:42,127 INFO [nioEventLoopGroup-3-1] (MoquetteIdleTimeoutHandler.java:39)- Firing channel inactive event. MqttClientId = null.
2021-05-25 16:02:42,133 INFO [nioEventLoopGroup-3-1] (MQTTMessageLogger.java:124)- Channel Inactive
2021-05-25 16:03:39,361 INFO [nioEventLoopGroup-3-2] (MoquetteIdleTimeoutHandler.java:39)- Firing channel inactive event. MqttClientId = null.
2021-05-25 16:03:39,361 INFO [nioEventLoopGroup-3-2] (MQTTMessageLogger.java:124)- Channel Inactive
2021-05-25 16:07:48,749 INFO [nioEventLoopGroup-3-3] (MoquetteIdleTimeoutHandler.java:39)- Firing channel inactive event. MqttClientId = null.
2021-05-25 16:07:48,750 INFO [nioEventLoopGroup-3-3] (MQTTMessageLogger.java:124)- Channel Inactive
2021-05-25 16:08:25,392 INFO [nioEventLoopGroup-3-4] (MoquetteIdleTimeoutHandler.java:39)- Firing channel inactive event. MqttClientId = null.
2021-05-25 16:08:25,393 INFO [nioEventLoopGroup-3-4] (MQTTMessageLogger.java:124)- Channel Inactive
2021-05-25 16:09:55,722 INFO [nioEventLoopGroup-3-5] (MoquetteIdleTimeoutHandler.java:39)- Firing channel inactive event. MqttClientId = null.
2021-05-25 16:09:55,722 INFO [nioEventLoopGroup-3-5] (MQTTMessageLogger.java:124)- Channel Inactive
2021-05-25 16:12:12,264 INFO [nioEventLoopGroup-3-6] (MQTTMessageLogger.java:90)- C->B CONNECT <null>
2021-05-25 16:12:31,376 ERROR [nioEventLoopGroup-3-6] (NewNettyMQTTHandler.java:93)- Unexpected exception while processing MQTT message. Closing Netty channel. CId=mqttx_9e02a328
java.net.SocketException: Connection reset
	at java.base/sun.nio.ch.SocketChannelImpl.throwConnectionReset(SocketChannelImpl.java:367)
	at java.base/sun.nio.ch.SocketChannelImpl.read(SocketChannelImpl.java:398)
	at io.netty.buffer.PooledByteBuf.setBytes(PooledByteBuf.java:253)
	at io.netty.buffer.AbstractByteBuf.writeBytes(AbstractByteBuf.java:1134)
	at io.netty.channel.socket.nio.NioSocketChannel.doReadBytes(NioSocketChannel.java:350)
	at io.netty.channel.nio.AbstractNioByteChannel$NioByteUnsafe.read(AbstractNioByteChannel.java:151)
	at io.netty.channel.nio.NioEventLoop.processSelectedKey(NioEventLoop.java:719)
	at io.netty.channel.nio.NioEventLoop.processSelectedKeysOptimized(NioEventLoop.java:655)
	at io.netty.channel.nio.NioEventLoop.processSelectedKeys(NioEventLoop.java:581)
	at io.netty.channel.nio.NioEventLoop.run(NioEventLoop.java:493)
	at io.netty.util.concurrent.SingleThreadEventExecutor$4.run(SingleThreadEventExecutor.java:989)
	at io.netty.util.internal.ThreadExecutorMap$2.run(ThreadExecutorMap.java:74)
	at io.netty.util.concurrent.FastThreadLocalRunnable.run(FastThreadLocalRunnable.java:30)
	at java.base/java.lang.Thread.run(Thread.java:832)
2021-05-25 16:12:31,377 INFO [nioEventLoopGroup-3-6] (MQTTMessageLogger.java:124)- Channel Inactive
2021-05-25 16:12:31,377 INFO [nioEventLoopGroup-3-6] (MQTTConnection.java:281)- Notifying connection lost event
2021-05-25 16:12:35,956 INFO [nioEventLoopGroup-3-7] (MQTTMessageLogger.java:90)- C->B CONNECT <null>
2021-05-25 16:12:51,671 ERROR [nioEventLoopGroup-3-7] (NewNettyMQTTHandler.java:93)- Unexpected exception while processing MQTT message. Closing Netty channel. CId=mqttx_9e02a328
java.net.SocketException: Connection reset
	at java.base/sun.nio.ch.SocketChannelImpl.throwConnectionReset(SocketChannelImpl.java:367)
	at java.base/sun.nio.ch.SocketChannelImpl.read(SocketChannelImpl.java:398)
	at io.netty.buffer.PooledByteBuf.setBytes(PooledByteBuf.java:253)
	at io.netty.buffer.AbstractByteBuf.writeBytes(AbstractByteBuf.java:1134)
	at io.netty.channel.socket.nio.NioSocketChannel.doReadBytes(NioSocketChannel.java:350)
	at io.netty.channel.nio.AbstractNioByteChannel$NioByteUnsafe.read(AbstractNioByteChannel.java:151)
	at io.netty.channel.nio.NioEventLoop.processSelectedKey(NioEventLoop.java:719)
	at io.netty.channel.nio.NioEventLoop.processSelectedKeysOptimized(NioEventLoop.java:655)
	at io.netty.channel.nio.NioEventLoop.processSelectedKeys(NioEventLoop.java:581)
	at io.netty.channel.nio.NioEventLoop.run(NioEventLoop.java:493)
	at io.netty.util.concurrent.SingleThreadEventExecutor$4.run(SingleThreadEventExecutor.java:989)
	at io.netty.util.internal.ThreadExecutorMap$2.run(ThreadExecutorMap.java:74)
	at io.netty.util.concurrent.FastThreadLocalRunnable.run(FastThreadLocalRunnable.java:30)
	at java.base/java.lang.Thread.run(Thread.java:832)
2021-05-25 16:12:51,671 INFO [nioEventLoopGroup-3-7] (MQTTMessageLogger.java:124)- Channel Inactive
2021-05-25 16:12:51,671 INFO [nioEventLoopGroup-3-7] (MQTTConnection.java:281)- Notifying connection lost event
2021-05-25 16:12:56,555 INFO [nioEventLoopGroup-3-8] (MQTTMessageLogger.java:90)- C->B CONNECT <null>
2021-05-25 16:13:08,571 INFO [nioEventLoopGroup-3-9] (MQTTMessageLogger.java:90)- C->B CONNECT <null>
2021-05-25 16:13:08,572 INFO [nioEventLoopGroup-3-8] (MQTTMessageLogger.java:124)- Channel Inactive
2021-05-25 16:13:08,572 INFO [nioEventLoopGroup-3-8] (MQTTConnection.java:281)- Notifying connection lost event
2021-05-25 16:13:20,605 ERROR [nioEventLoopGroup-3-9] (NewNettyMQTTHandler.java:93)- Unexpected exception while processing MQTT message. Closing Netty channel. CId=mqttx_9e02a328
java.net.SocketException: Connection reset
	at java.base/sun.nio.ch.SocketChannelImpl.throwConnectionReset(SocketChannelImpl.java:367)
	at java.base/sun.nio.ch.SocketChannelImpl.read(SocketChannelImpl.java:398)
	at io.netty.buffer.PooledByteBuf.setBytes(PooledByteBuf.java:253)
	at io.netty.buffer.AbstractByteBuf.writeBytes(AbstractByteBuf.java:1134)
	at io.netty.channel.socket.nio.NioSocketChannel.doReadBytes(NioSocketChannel.java:350)
	at io.netty.channel.nio.AbstractNioByteChannel$NioByteUnsafe.read(AbstractNioByteChannel.java:151)
	at io.netty.channel.nio.NioEventLoop.processSelectedKey(NioEventLoop.java:719)
	at io.netty.channel.nio.NioEventLoop.processSelectedKeysOptimized(NioEventLoop.java:655)
	at io.netty.channel.nio.NioEventLoop.processSelectedKeys(NioEventLoop.java:581)
	at io.netty.channel.nio.NioEventLoop.run(NioEventLoop.java:493)
	at io.netty.util.concurrent.SingleThreadEventExecutor$4.run(SingleThreadEventExecutor.java:989)
	at io.netty.util.internal.ThreadExecutorMap$2.run(ThreadExecutorMap.java:74)
	at io.netty.util.concurrent.FastThreadLocalRunnable.run(FastThreadLocalRunnable.java:30)
	at java.base/java.lang.Thread.run(Thread.java:832)
2021-05-25 16:13:20,605 INFO [nioEventLoopGroup-3-9] (MQTTMessageLogger.java:124)- Channel Inactive
2021-05-25 16:13:20,606 INFO [nioEventLoopGroup-3-9] (MQTTConnection.java:281)- Notifying connection lost event
2021-05-25 16:13:25,605 INFO [nioEventLoopGroup-3-10] (MQTTMessageLogger.java:90)- C->B CONNECT <null>
2021-05-25 16:13:33,905 INFO [nioEventLoopGroup-3-10] (MQTTMessageLogger.java:94)- C->B SUBSCRIBE <mqttx_9e02a328> to topics [MqttTopicSubscription[topicFilter=testtopic/#, option=SubscriptionOption[qos=AT_MOST_ONCE, noLocal=false, retainAsPublished=false, retainHandling=SEND_AT_SUBSCRIBE]]]
2021-05-25 16:13:33,906 INFO [nioEventLoopGroup-3-10] (AuthorizatorPolicy.java:17)- canRead topic testtopic/# username null clientId mqttx_9e02a328
2021-05-25 16:13:33,908 INFO [nioEventLoopGroup-3-10] (MQTTMessageLogger.java:115)- C<-B SUBACK <mqttx_9e02a328> packetID <41669>, grantedQoses [0]
2021-05-25 16:15:03,918 INFO [nioEventLoopGroup-3-10] (MoquetteIdleTimeoutHandler.java:39)- Firing channel inactive event. MqttClientId = mqttx_9e02a328.
2021-05-25 16:15:03,918 INFO [nioEventLoopGroup-3-10] (MQTTMessageLogger.java:124)- Channel Inactive
2021-05-25 16:15:03,918 INFO [nioEventLoopGroup-3-10] (MQTTConnection.java:281)- Notifying connection lost event
2021-05-25 16:21:36,035 INFO [nioEventLoopGroup-3-11] (MQTTMessageLogger.java:90)- C->B CONNECT <null>
2021-05-25 16:21:36,042 INFO [nioEventLoopGroup-3-11] (MQTTMessageLogger.java:94)- C->B SUBSCRIBE <mqttx_9e02a328> to topics [MqttTopicSubscription[topicFilter=testtopic/#, option=SubscriptionOption[qos=AT_MOST_ONCE, noLocal=false, retainAsPublished=false, retainHandling=SEND_AT_SUBSCRIBE]]]
2021-05-25 16:21:36,042 INFO [nioEventLoopGroup-3-11] (AuthorizatorPolicy.java:17)- canRead topic testtopic/# username null clientId mqttx_9e02a328
2021-05-25 16:21:36,043 INFO [nioEventLoopGroup-3-11] (MQTTMessageLogger.java:115)- C<-B SUBACK <mqttx_9e02a328> packetID <24389>, grantedQoses [0]
2021-05-25 16:21:49,718 INFO [nioEventLoopGroup-3-11] (MQTTMessageLogger.java:99)- C->B UNSUBSCRIBE <mqttx_9e02a328> to topics <[testtopic/#]>
2021-05-25 16:21:49,726 INFO [nioEventLoopGroup-3-11] (MQTTMessageLogger.java:110)- C<-B UNSUBACK <mqttx_9e02a328> packetID <24390>
2021-05-25 16:22:16,999 INFO [nioEventLoopGroup-3-11] (MQTTMessageLogger.java:94)- C->B SUBSCRIBE <mqttx_9e02a328> to topics [MqttTopicSubscription[topicFilter=testtopic1111/, option=SubscriptionOption[qos=AT_MOST_ONCE, noLocal=false, retainAsPublished=false, retainHandling=SEND_AT_SUBSCRIBE]]]
2021-05-25 16:22:16,999 INFO [nioEventLoopGroup-3-11] (AuthorizatorPolicy.java:17)- canRead topic testtopic1111/ username null clientId mqttx_9e02a328
2021-05-25 16:22:16,999 INFO [nioEventLoopGroup-3-11] (MQTTMessageLogger.java:115)- C<-B SUBACK <mqttx_9e02a328> packetID <24391>, grantedQoses [0]
2021-05-25 16:22:29,251 INFO [nioEventLoopGroup-3-11] (MQTTMessageLogger.java:99)- C->B UNSUBSCRIBE <mqttx_9e02a328> to topics <[testtopic1111/]>
2021-05-25 16:22:29,251 INFO [nioEventLoopGroup-3-11] (MQTTMessageLogger.java:110)- C<-B UNSUBACK <mqttx_9e02a328> packetID <24392>
2021-05-25 16:22:36,077 INFO [nioEventLoopGroup-3-11] (MQTTMessageLogger.java:94)- C->B SUBSCRIBE <mqttx_9e02a328> to topics [MqttTopicSubscription[topicFilter=te111111111asbajskhgak/, option=SubscriptionOption[qos=AT_MOST_ONCE, noLocal=false, retainAsPublished=false, retainHandling=SEND_AT_SUBSCRIBE]]]
2021-05-25 16:22:36,078 INFO [nioEventLoopGroup-3-11] (AuthorizatorPolicy.java:17)- canRead topic te111111111asbajskhgak/ username null clientId mqttx_9e02a328
2021-05-25 16:22:36,078 INFO [nioEventLoopGroup-3-11] (MQTTMessageLogger.java:115)- C<-B SUBACK <mqttx_9e02a328> packetID <24393>, grantedQoses [0]
2021-05-25 16:23:35,867 ERROR [nioEventLoopGroup-3-11] (NewNettyMQTTHandler.java:93)- Unexpected exception while processing MQTT message. Closing Netty channel. CId=mqttx_9e02a328
java.net.SocketException: Connection reset
	at java.base/sun.nio.ch.SocketChannelImpl.throwConnectionReset(SocketChannelImpl.java:367)
	at java.base/sun.nio.ch.SocketChannelImpl.read(SocketChannelImpl.java:398)
	at io.netty.buffer.PooledByteBuf.setBytes(PooledByteBuf.java:253)
	at io.netty.buffer.AbstractByteBuf.writeBytes(AbstractByteBuf.java:1134)
	at io.netty.channel.socket.nio.NioSocketChannel.doReadBytes(NioSocketChannel.java:350)
	at io.netty.channel.nio.AbstractNioByteChannel$NioByteUnsafe.read(AbstractNioByteChannel.java:151)
	at io.netty.channel.nio.NioEventLoop.processSelectedKey(NioEventLoop.java:719)
	at io.netty.channel.nio.NioEventLoop.processSelectedKeysOptimized(NioEventLoop.java:655)
	at io.netty.channel.nio.NioEventLoop.processSelectedKeys(NioEventLoop.java:581)
	at io.netty.channel.nio.NioEventLoop.run(NioEventLoop.java:493)
	at io.netty.util.concurrent.SingleThreadEventExecutor$4.run(SingleThreadEventExecutor.java:989)
	at io.netty.util.internal.ThreadExecutorMap$2.run(ThreadExecutorMap.java:74)
	at io.netty.util.concurrent.FastThreadLocalRunnable.run(FastThreadLocalRunnable.java:30)
	at java.base/java.lang.Thread.run(Thread.java:832)
2021-05-25 16:23:35,868 INFO [nioEventLoopGroup-3-11] (MQTTMessageLogger.java:124)- Channel Inactive
2021-05-25 16:23:35,868 INFO [nioEventLoopGroup-3-11] (MQTTConnection.java:281)- Notifying connection lost event
2021-05-25 16:23:54,298 INFO [nioEventLoopGroup-3-12] (MQTTMessageLogger.java:90)- C->B CONNECT <null>
2021-05-25 16:23:54,309 INFO [nioEventLoopGroup-3-12] (MQTTMessageLogger.java:94)- C->B SUBSCRIBE <mqttx_9e02a328> to topics [MqttTopicSubscription[topicFilter=te111111111asbajskhgak/, option=SubscriptionOption[qos=AT_MOST_ONCE, noLocal=false, retainAsPublished=false, retainHandling=SEND_AT_SUBSCRIBE]]]
2021-05-25 16:23:54,310 INFO [nioEventLoopGroup-3-12] (AuthorizatorPolicy.java:17)- canRead topic te111111111asbajskhgak/ username null clientId mqttx_9e02a328
2021-05-25 16:23:54,310 INFO [nioEventLoopGroup-3-12] (MQTTMessageLogger.java:115)- C<-B SUBACK <mqttx_9e02a328> packetID <36400>, grantedQoses [0]
